<?xml version="1.0" encoding="UTF-8"?>
<testsuite xmlns:xsi="http://www.w3.org/2001/XMLSchema-instance" xsi:noNamespaceSchemaLocation="https://maven.apache.org/surefire/maven-surefire-plugin/xsd/surefire-test-report.xsd" version="3.0.2" name="com.rolenroll.rnr_app.RnrAppApplicationTests" time="2.929" tests="1" errors="0" skipped="0" failures="0">
  <properties>
[...]
</properties>
  <testcase name="contextLoads" classname="com.rolenroll.rnr_app.RnrAppApplicationTests" time="0.382">
    <system-out><![CDATA[19:24:16.443 [main] INFO org.springframework.test.context.support.AnnotationConfigContextLoaderUtils -- Could not detect default configuration classes for test class [com.rolenroll.rnr_app.RnrAppApplicationTests]: RnrAppApplicationTests does not declare any static, non-private, non-final, nested classes annotated with @Configuration.
19:24:16.514 [main] INFO org.springframework.boot.test.context.SpringBootTestContextBootstrapper -- Found @SpringBootConfiguration com.rolenroll.rnr_app.RnrAppApplication for test class com.rolenroll.rnr_app.RnrAppApplicationTests

  .   ____          _            __ _ _
 /\\ / ___'_ __ _ _(_)_ __  __ _ \ \ \ \
( ( )\___ | '_ | '_| | '_ \/ _` | \ \ \ \
 \\/  ___)| |_)| | | | | || (_| |  ) ) ) )
  '  |____| .__|_| |_|_| |_\__, | / / / /
 =========|_|==============|___/=/_/_/_/

 :: Spring Boot ::                (v3.4.4)

2025-04-07T19:24:16.770+02:00  INFO 31683 --- [rnr-app] [           main] c.r.rnr_app.RnrAppApplicationTests       : Starting RnrAppApplicationTests using Java 17.0.14 with PID 31683 (started by sodany in /Users/sodany/Desktop/CDA/RoleNRoll/back)
2025-04-07T19:24:16.771+02:00  INFO 31683 --- [rnr-app] [           main] c.r.rnr_app.RnrAppApplicationTests       : No active profile set, falling back to 1 default profile: "default"
2025-04-07T19:24:17.171+02:00  INFO 31683 --- [rnr-app] [           main] .s.d.r.c.RepositoryConfigurationDelegate : Bootstrapping Spring Data JPA repositories in DEFAULT mode.
2025-04-07T19:24:17.194+02:00  INFO 31683 --- [rnr-app] [           main] .s.d.r.c.RepositoryConfigurationDelegate : Finished Spring Data repository scanning in 11 ms. Found 0 JPA repository interfaces.
2025-04-07T19:24:17.462+02:00  INFO 31683 --- [rnr-app] [           main] com.zaxxer.hikari.HikariDataSource       : HikariPool-1 - Starting...
2025-04-07T19:24:17.699+02:00  INFO 31683 --- [rnr-app] [           main] com.zaxxer.hikari.pool.HikariPool        : HikariPool-1 - Added connection org.postgresql.jdbc.PgConnection@3becc950
2025-04-07T19:24:17.700+02:00  INFO 31683 --- [rnr-app] [           main] com.zaxxer.hikari.HikariDataSource       : HikariPool-1 - Start completed.
2025-04-07T19:24:17.738+02:00  INFO 31683 --- [rnr-app] [           main] o.hibernate.jpa.internal.util.LogHelper  : HHH000204: Processing PersistenceUnitInfo [name: default]
2025-04-07T19:24:17.774+02:00  INFO 31683 --- [rnr-app] [           main] org.hibernate.Version                    : HHH000412: Hibernate ORM core version 6.6.11.Final
2025-04-07T19:24:17.794+02:00  INFO 31683 --- [rnr-app] [           main] o.h.c.internal.RegionFactoryInitiator    : HHH000026: Second-level cache disabled
2025-04-07T19:24:17.992+02:00  INFO 31683 --- [rnr-app] [           main] o.s.o.j.p.SpringPersistenceUnitInfo      : No LoadTimeWeaver setup: ignoring JPA class transformer
2025-04-07T19:24:18.066+02:00  INFO 31683 --- [rnr-app] [           main] org.hibernate.orm.connections.pooling    : HHH10001005: Database info:
	Database JDBC URL [Connecting through datasource 'HikariDataSource (HikariPool-1)']
	Database driver: undefined/unknown
	Database version: 14.17
	Autocommit mode: undefined/unknown
	Isolation level: undefined/unknown
	Minimum pool size: undefined/unknown
	Maximum pool size: undefined/unknown
2025-04-07T19:24:18.296+02:00  INFO 31683 --- [rnr-app] [           main] o.h.e.t.j.p.i.JtaPlatformInitiator       : HHH000489: No JTA platform available (set 'hibernate.transaction.jta.platform' to enable JTA platform integration)
2025-04-07T19:24:18.299+02:00  INFO 31683 --- [rnr-app] [           main] j.LocalContainerEntityManagerFactoryBean : Initialized JPA EntityManagerFactory for persistence unit 'default'
2025-04-07T19:24:18.343+02:00  WARN 31683 --- [rnr-app] [           main] JpaBaseConfiguration$JpaWebConfiguration : spring.jpa.open-in-view is enabled by default. Therefore, database queries may be performed during view rendering. Explicitly configure spring.jpa.open-in-view to disable this warning
2025-04-07T19:24:18.367+02:00  WARN 31683 --- [rnr-app] [           main] .s.s.UserDetailsServiceAutoConfiguration : 

Using generated security password: abc9582d-c6ce-4d8e-bff7-879d67917651

This generated password is for development use only. Your security configuration must be updated before running your application in production.

2025-04-07T19:24:18.392+02:00  INFO 31683 --- [rnr-app] [           main] r$InitializeUserDetailsManagerConfigurer : Global AuthenticationManager configured with UserDetailsService bean with name inMemoryUserDetailsManager
2025-04-07T19:24:18.889+02:00  INFO 31683 --- [rnr-app] [           main] c.r.rnr_app.RnrAppApplicationTests       : Started RnrAppApplicationTests in 2.277 seconds (process running for 2.887)
]]></system-out>
  </testcase>
</testsuite>